Base path: C:/Program Files (x86)/Unity/Editor/Data
Pipe name: \\.\pipe\UnityShaderCompiler-1-6348
Cmd: getPlatforms
Cmd: preprocess
  insize=615 outsize=1835 ok=1
Cmd: compileSnippet
  api=4 type=0 insize=4307 outsize=2607 kw=DIRECTIONAL SHADOWS_OFF LIGHTMAP_OFF DIRLIGHTMAP_OFF ok=1
Cmd: compileSnippet
  api=4 type=1 insize=4307 outsize=1307 kw=DIRECTIONAL SHADOWS_OFF LIGHTMAP_OFF DIRLIGHTMAP_OFF ok=1
Cmd: compileSnippet
  api=4 type=0 insize=2283 outsize=2875 kw=POINT ok=1
Cmd: compileSnippet
  api=4 type=1 insize=2283 outsize=1607 kw=POINT ok=1
Cmd: compileSnippet
  api=4 type=0 insize=1811 outsize=1477 kw= ok=1
Cmd: compileSnippet
  api=4 type=1 insize=1811 outsize=632 kw= ok=1
Cmd: compileSnippet
  api=4 type=0 insize=4024 outsize=2883 kw=LIGHTMAP_OFF DIRLIGHTMAP_OFF HDR_LIGHT_PREPASS_OFF ok=1
Cmd: compileSnippet
  api=4 type=1 insize=4024 outsize=1250 kw=LIGHTMAP_OFF DIRLIGHTMAP_OFF HDR_LIGHT_PREPASS_OFF ok=1
Cmd: compileSnippet
  api=4 type=0 insize=1592 outsize=1404 kw=SHADOWS_DEPTH ok=1
Cmd: compileSnippet
  api=4 type=1 insize=1592 outsize=437 kw=SHADOWS_DEPTH ok=1
Cmd: preprocess
  insize=447 outsize=447 ok=1
Cmd: preprocess
  insize=1584 outsize=2245 ok=1
Cmd: compileSnippet
  api=4 type=0 insize=8077 outsize=1298 kw=DIRECTIONAL SHADOWS_OFF LIGHTMAP_OFF DIRLIGHTMAP_OFF ok=1
Cmd: compileSnippet
  api=4 type=1 insize=8077 outsize=2704 kw=DIRECTIONAL SHADOWS_OFF LIGHTMAP_OFF DIRLIGHTMAP_OFF ok=1
Cmd: compileSnippet
  api=4 type=2 insize=8077 outsize=7815 kw=DIRECTIONAL SHADOWS_OFF LIGHTMAP_OFF DIRLIGHTMAP_OFF ok=1
Cmd: compileSnippet
  api=4 type=3 insize=8077 outsize=5515 kw=DIRECTIONAL SHADOWS_OFF LIGHTMAP_OFF DIRLIGHTMAP_OFF ok=1
Cmd: compileSnippet
  api=4 type=0 insize=5700 outsize=1298 kw=POINT ok=1
Cmd: compileSnippet
  api=4 type=1 insize=5700 outsize=3005 kw=POINT ok=1
Cmd: compileSnippet
  api=4 type=2 insize=5700 outsize=7815 kw=POINT ok=1
Cmd: compileSnippet
  api=4 type=3 insize=5700 outsize=5166 kw=POINT ok=1
Cmd: compileSnippet
  api=4 type=0 insize=5510 outsize=1298 kw= ok=1
Cmd: compileSnippet
  api=4 type=1 insize=5510 outsize=1575 kw= ok=1
Cmd: compileSnippet
  api=4 type=2 insize=5510 outsize=7815 kw= ok=1
Cmd: compileSnippet
  api=4 type=3 insize=5510 outsize=4362 kw= ok=1
Cmd: compileSnippet
  api=4 type=0 insize=7543 outsize=1298 kw=LIGHTMAP_OFF DIRLIGHTMAP_OFF HDR_LIGHT_PREPASS_OFF ok=1
Cmd: compileSnippet
  api=4 type=1 insize=7543 outsize=1534 kw=LIGHTMAP_OFF DIRLIGHTMAP_OFF HDR_LIGHT_PREPASS_OFF ok=1
Cmd: compileSnippet
  api=4 type=2 insize=7543 outsize=7815 kw=LIGHTMAP_OFF DIRLIGHTMAP_OFF HDR_LIGHT_PREPASS_OFF ok=1
Cmd: compileSnippet
  api=4 type=3 insize=7543 outsize=4207 kw=LIGHTMAP_OFF DIRLIGHTMAP_OFF HDR_LIGHT_PREPASS_OFF ok=1
Cmd: compileSnippet
  api=4 type=0 insize=4813 outsize=1298 kw=SHADOWS_DEPTH ok=1
Cmd: compileSnippet
  api=4 type=1 insize=4813 outsize=445 kw=SHADOWS_DEPTH ok=1
Cmd: compileSnippet
  api=4 type=2 insize=4813 outsize=7815 kw=SHADOWS_DEPTH ok=1
Cmd: compileSnippet
  api=4 type=3 insize=4813 outsize=2720 kw=SHADOWS_DEPTH ok=1
Cmd: preprocess
  insize=818 outsize=818 ok=1
Cmd: preprocess
  insize=1423 outsize=2190 ok=1
Cmd: compileSnippet
  api=4 type=0 insize=8245 outsize=1298 kw=DIRECTIONAL SHADOWS_OFF LIGHTMAP_OFF DIRLIGHTMAP_OFF ok=1
Cmd: compileSnippet
  api=4 type=1 insize=8245 outsize=2704 kw=DIRECTIONAL SHADOWS_OFF LIGHTMAP_OFF DIRLIGHTMAP_OFF ok=1
Cmd: compileSnippet
  api=4 type=2 insize=8245 outsize=7750 kw=DIRECTIONAL SHADOWS_OFF LIGHTMAP_OFF DIRLIGHTMAP_OFF ok=1
Cmd: compileSnippet
  api=4 type=3 insize=8245 outsize=6482 kw=DIRECTIONAL SHADOWS_OFF LIGHTMAP_OFF DIRLIGHTMAP_OFF ok=1
Cmd: compileSnippet
  api=4 type=0 insize=5868 outsize=1298 kw=POINT ok=1
Cmd: compileSnippet
  api=4 type=1 insize=5868 outsize=3005 kw=POINT ok=1
Cmd: compileSnippet
  api=4 type=2 insize=5868 outsize=7750 kw=POINT ok=1
Cmd: compileSnippet
  api=4 type=3 insize=5868 outsize=6133 kw=POINT ok=1
Cmd: compileSnippet
  api=4 type=0 insize=5678 outsize=1298 kw= ok=1
Cmd: compileSnippet
  api=4 type=1 insize=5678 outsize=1575 kw= ok=1
Cmd: compileSnippet
  api=4 type=2 insize=5678 outsize=7750 kw= ok=1
Cmd: compileSnippet
  api=4 type=3 insize=5678 outsize=5328 kw= ok=1
Cmd: compileSnippet
  api=4 type=0 insize=7711 outsize=1298 kw=LIGHTMAP_OFF DIRLIGHTMAP_OFF HDR_LIGHT_PREPASS_OFF ok=1
Cmd: compileSnippet
  api=4 type=1 insize=7711 outsize=1534 kw=LIGHTMAP_OFF DIRLIGHTMAP_OFF HDR_LIGHT_PREPASS_OFF ok=1
Cmd: compileSnippet
  api=4 type=2 insize=7711 outsize=7750 kw=LIGHTMAP_OFF DIRLIGHTMAP_OFF HDR_LIGHT_PREPASS_OFF ok=1
Cmd: compileSnippet
  api=4 type=3 insize=7711 outsize=5174 kw=LIGHTMAP_OFF DIRLIGHTMAP_OFF HDR_LIGHT_PREPASS_OFF ok=1
Cmd: compileSnippet
  api=4 type=0 insize=4981 outsize=1298 kw=SHADOWS_DEPTH ok=1
Cmd: compileSnippet
  api=4 type=1 insize=4981 outsize=445 kw=SHADOWS_DEPTH ok=1
Cmd: compileSnippet
  api=4 type=2 insize=4981 outsize=7750 kw=SHADOWS_DEPTH ok=1
Cmd: compileSnippet
  api=4 type=3 insize=4981 outsize=3248 kw=SHADOWS_DEPTH ok=1
Cmd: preprocess
  insize=1048 outsize=887 ok=1
Cmd: compileSnippet
  api=4 type=0 insize=4871 outsize=2607 kw=DIRECTIONAL SHADOWS_OFF LIGHTMAP_OFF DIRLIGHTMAP_OFF ok=1
Cmd: compileSnippet
  api=4 type=1 insize=4871 outsize=1453 kw=DIRECTIONAL SHADOWS_OFF LIGHTMAP_OFF DIRLIGHTMAP_OFF ok=1
Cmd: compileSnippet
  api=4 type=0 insize=2847 outsize=2875 kw=POINT ok=1
Cmd: compileSnippet
  api=4 type=1 insize=2847 outsize=1810 kw=POINT ok=1
Cmd: preprocess
  insize=472 outsize=472 ok=1
Cmd: preprocess
  insize=2571 outsize=747 ok=1
Cmd: compileSnippet
  api=4 type=0 insize=2125 outsize=1550 kw= ok=1
Cmd: compileSnippet
  api=4 type=1 insize=2125 outsize=1688 kw= ok=1
Cmd: preprocess
  insize=835 outsize=835 ok=1
Cmd: preprocess
  insize=4152 outsize=2083 ok=1
Cmd: compileSnippet
  api=4 type=0 insize=7786 outsize=4321 kw=DIRECTIONAL SHADOWS_OFF LIGHTMAP_OFF DIRLIGHTMAP_OFF ok=1
Cmd: compileSnippet
  api=4 type=1 insize=7786 outsize=3533 kw=DIRECTIONAL SHADOWS_OFF LIGHTMAP_OFF DIRLIGHTMAP_OFF ok=1
Cmd: compileSnippet
  api=4 type=0 insize=5479 outsize=3882 kw=POINT ok=1
Cmd: compileSnippet
  api=4 type=1 insize=5479 outsize=3712 kw=POINT ok=1
Cmd: compileSnippet
  api=4 type=0 insize=5137 outsize=2915 kw= ok=1
Cmd: compileSnippet
  api=4 type=1 insize=5137 outsize=1664 kw= ok=1
Cmd: compileSnippet
  api=4 type=0 insize=7262 outsize=4004 kw=LIGHTMAP_OFF DIRLIGHTMAP_OFF HDR_LIGHT_PREPASS_OFF ok=1
Cmd: compileSnippet
  api=4 type=1 insize=7262 outsize=2688 kw=LIGHTMAP_OFF DIRLIGHTMAP_OFF HDR_LIGHT_PREPASS_OFF ok=1
Cmd: preprocess
  insize=730 outsize=730 ok=1
Cmd: preprocess
  insize=3942 outsize=1993 ok=1
Cmd: compileSnippet
  api=4 type=0 insize=7565 outsize=4232 kw=DIRECTIONAL SHADOWS_OFF LIGHTMAP_OFF DIRLIGHTMAP_OFF ok=1
Cmd: compileSnippet
  api=4 type=1 insize=7565 outsize=3330 kw=DIRECTIONAL SHADOWS_OFF LIGHTMAP_OFF DIRLIGHTMAP_OFF ok=1
Cmd: compileSnippet
  api=4 type=0 insize=5359 outsize=3882 kw=POINT ok=1
Cmd: compileSnippet
  api=4 type=1 insize=5359 outsize=3712 kw=POINT ok=1
Cmd: compileSnippet
  api=4 type=0 insize=5017 outsize=2915 kw= ok=1
Cmd: compileSnippet
  api=4 type=1 insize=5017 outsize=1664 kw= ok=1
Cmd: compileSnippet
  api=4 type=0 insize=7013 outsize=3842 kw=LIGHTMAP_OFF DIRLIGHTMAP_OFF HDR_LIGHT_PREPASS_OFF ok=1
Cmd: compileSnippet
  api=4 type=1 insize=7013 outsize=2412 kw=LIGHTMAP_OFF DIRLIGHTMAP_OFF HDR_LIGHT_PREPASS_OFF ok=1
Cmd: preprocess
  insize=608 outsize=608 ok=1
Cmd: preprocess
  insize=1576 outsize=991 ok=1
Cmd: compileSnippet
  api=4 type=0 insize=867 outsize=1599 kw= ok=1
Cmd: compileSnippet
  api=4 type=1 insize=867 outsize=502 kw= ok=1
Cmd: preprocess
  insize=2970 outsize=1659 ok=1
Cmd: compileSnippet
  api=4 type=0 insize=1617 outsize=1940 kw= ok=1
Cmd: compileSnippet
  api=4 type=1 insize=1617 outsize=2070 kw= ok=1
Cmd: preprocess
  insize=1189 outsize=403 ok=1
Cmd: compileSnippet
  api=4 type=0 insize=1088 outsize=1583 kw= ok=1
Cmd: compileSnippet
  api=4 type=1 insize=1088 outsize=1152 kw= ok=1
Cmd: preprocess
  insize=1153 outsize=392 ok=1
Cmd: compileSnippet
  api=4 type=0 insize=1063 outsize=1583 kw= ok=1
Cmd: compileSnippet
  api=4 type=1 insize=1063 outsize=1152 kw= ok=1
Cmd: preprocess
  insize=1355 outsize=1355 ok=1
Cmd: preprocess
  insize=316 outsize=316 ok=1
Cmd: preprocess
  insize=1500 outsize=667 ok=1
Cmd: compileSnippet
  api=4 type=0 insize=1135 outsize=1461 kw= ok=1
Cmd: compileSnippet
  api=4 type=1 insize=1135 outsize=1071 kw= ok=1
Cmd: preprocess
  insize=634 outsize=634 ok=1
Cmd: preprocess
  insize=963 outsize=963 ok=1
Cmd: preprocess
  insize=1725 outsize=1007 ok=1
Cmd: compileSnippet
  api=4 type=0 insize=1020 outsize=1274 kw= ok=1
Cmd: compileSnippet
  api=4 type=1 insize=1020 outsize=908 kw= ok=1
