Base path: C:/Program Files (x86)/Unity/Editor/Data
Pipe name: \\.\pipe\UnityShaderCompiler-2-12028
Cmd: getPlatforms
Cmd: compileSnippet
  api=1 type=0 insize=2125 outsize=238 kw= ok=1
Cmd: compileSnippet
  api=8 type=1 insize=2125 outsize=2283 kw= ok=1
Cmd: compileSnippet
  api=8 type=0 insize=7786 outsize=3973 kw=DIRECTIONAL SHADOWS_OFF LIGHTMAP_ON DIRLIGHTMAP_OFF ok=1
Cmd: compileSnippet
  api=0 type=0 insize=7786 outsize=1186 kw=DIRECTIONAL SHADOWS_SCREEN LIGHTMAP_ON DIRLIGHTMAP_OFF ok=1
Cmd: compileSnippet
  api=0 type=0 insize=7786 outsize=2304 kw=DIRECTIONAL SHADOWS_OFF LIGHTMAP_OFF DIRLIGHTMAP_OFF VERTEXLIGHT_ON ok=1
Cmd: compileSnippet
  api=4 type=0 insize=7786 outsize=6401 kw=DIRECTIONAL SHADOWS_SCREEN LIGHTMAP_OFF DIRLIGHTMAP_OFF VERTEXLIGHT_ON ok=1
Cmd: compileSnippet
  api=4 type=1 insize=7786 outsize=2030 kw=DIRECTIONAL SHADOWS_OFF LIGHTMAP_ON DIRLIGHTMAP_OFF ok=1
Cmd: compileSnippet
  api=4 type=1 insize=7786 outsize=2574 kw=DIRECTIONAL SHADOWS_SCREEN LIGHTMAP_ON DIRLIGHTMAP_OFF ok=1
Cmd: compileSnippet
  api=0 type=0 insize=5479 outsize=1160 kw=DIRECTIONAL ok=1
Cmd: compileSnippet
  api=8 type=0 insize=5479 outsize=5663 kw=SPOT ok=1
Cmd: compileSnippet
  api=0 type=1 insize=5479 outsize=1585 kw=SPOT ok=1
Cmd: compileSnippet
  api=1 type=1 insize=5479 outsize=1248 kw=POINT_COOKIE ok=1
Cmd: compileSnippet
  api=1 type=1 insize=5479 outsize=1104 kw=DIRECTIONAL_COOKIE ok=1
Cmd: compileSnippet
  api=1 type=0 insize=5137 outsize=509 kw= ok=1
Cmd: compileSnippet
  api=1 type=0 insize=7262 outsize=1005 kw=LIGHTMAP_OFF DIRLIGHTMAP_OFF HDR_LIGHT_PREPASS_OFF ok=1
Cmd: compileSnippet
  api=8 type=0 insize=7262 outsize=5907 kw=LIGHTMAP_OFF DIRLIGHTMAP_OFF HDR_LIGHT_PREPASS_ON ok=1
Cmd: compileSnippet
  api=8 type=1 insize=7262 outsize=5452 kw=LIGHTMAP_ON DIRLIGHTMAP_OFF HDR_LIGHT_PREPASS_OFF ok=1
Unhandled exception: Readfile from pipe failed. GLE=The pipe has been ended.


Quitting shader compiler process
