Base path: C:/Program Files (x86)/Unity/Editor/Data
Pipe name: \\.\pipe\UnityShaderCompiler-1-12540
Cmd: getPlatforms
Cmd: compileSnippet
  api=0 type=0 insize=2125 outsize=509 kw= ok=1
Cmd: compileSnippet
  api=0 type=0 insize=7786 outsize=1744 kw=DIRECTIONAL SHADOWS_SCREEN LIGHTMAP_OFF DIRLIGHTMAP_OFF ok=1
Cmd: compileSnippet
  api=4 type=0 insize=7786 outsize=4678 kw=DIRECTIONAL SHADOWS_SCREEN LIGHTMAP_OFF DIRLIGHTMAP_OFF ok=1
Cmd: compileSnippet
  api=8 type=0 insize=7786 outsize=9157 kw=DIRECTIONAL SHADOWS_OFF LIGHTMAP_OFF DIRLIGHTMAP_OFF VERTEXLIGHT_ON ok=1
Cmd: compileSnippet
  api=8 type=1 insize=7786 outsize=5444 kw=DIRECTIONAL SHADOWS_OFF LIGHTMAP_OFF DIRLIGHTMAP_OFF ok=1
Cmd: compileSnippet
  api=0 type=0 insize=5479 outsize=1488 kw=SPOT ok=1
Cmd: compileSnippet
  api=0 type=0 insize=5479 outsize=1451 kw=POINT_COOKIE ok=1
Cmd: compileSnippet
  api=8 type=1 insize=5479 outsize=5607 kw=POINT ok=1
Cmd: compileSnippet
  api=1 type=1 insize=5137 outsize=487 kw= ok=1
Cmd: compileSnippet
  api=8 type=0 insize=7262 outsize=5907 kw=LIGHTMAP_OFF DIRLIGHTMAP_OFF HDR_LIGHT_PREPASS_OFF ok=1
Cmd: compileSnippet
  api=8 type=0 insize=7262 outsize=5891 kw=LIGHTMAP_ON DIRLIGHTMAP_OFF HDR_LIGHT_PREPASS_ON ok=1
Cmd: compileSnippet
  api=8 type=1 insize=7262 outsize=4128 kw=LIGHTMAP_OFF DIRLIGHTMAP_OFF HDR_LIGHT_PREPASS_OFF ok=1
