Base path: C:/Program Files (x86)/Unity/Editor/Data
Pipe name: \\.\pipe\UnityShaderCompiler-5-57084
Cmd: getPlatforms
Cmd: compileSnippet
  api=4 type=0 insize=7544 outsize=2672 kw=DIRECTIONAL SHADOWS_OFF LIGHTMAP_ON DIRLIGHTMAP_OFF ok=1
Cmd: compileSnippet
  api=8 type=0 insize=7544 outsize=4404 kw=DIRECTIONAL SHADOWS_SCREEN LIGHTMAP_ON DIRLIGHTMAP_OFF ok=1
Cmd: compileSnippet
  api=0 type=1 insize=7544 outsize=560 kw=DIRECTIONAL SHADOWS_OFF LIGHTMAP_ON DIRLIGHTMAP_OFF ok=1
Cmd: compileSnippet
  api=0 type=1 insize=7544 outsize=734 kw=DIRECTIONAL SHADOWS_SCREEN LIGHTMAP_ON DIRLIGHTMAP_OFF ok=1
Cmd: compileSnippet
  api=1 type=0 insize=5338 outsize=687 kw=DIRECTIONAL ok=1
Cmd: compileSnippet
  api=4 type=0 insize=5338 outsize=3882 kw=POINT_COOKIE ok=1
Cmd: compileSnippet
  api=0 type=1 insize=5338 outsize=1146 kw=DIRECTIONAL ok=1
Cmd: compileSnippet
  api=8 type=1 insize=5338 outsize=6248 kw=SPOT ok=1
Cmd: compileSnippet
  api=8 type=1 insize=4996 outsize=2462 kw= ok=1
Cmd: compileSnippet
  api=0 type=0 insize=6992 outsize=1359 kw=LIGHTMAP_ON DIRLIGHTMAP_OFF HDR_LIGHT_PREPASS_OFF ok=1
Cmd: compileSnippet
  api=4 type=0 insize=6992 outsize=3866 kw=LIGHTMAP_ON DIRLIGHTMAP_OFF HDR_LIGHT_PREPASS_ON ok=1
Cmd: compileSnippet
  api=0 type=1 insize=6992 outsize=851 kw=LIGHTMAP_OFF DIRLIGHTMAP_OFF HDR_LIGHT_PREPASS_ON ok=1
Cmd: compileSnippet
  api=0 type=1 insize=6992 outsize=1165 kw=LIGHTMAP_ON DIRLIGHTMAP_OFF HDR_LIGHT_PREPASS_ON ok=1
Unhandled exception: Readfile from pipe failed. GLE=The pipe has been ended.


Quitting shader compiler process
