Base path: C:/Program Files (x86)/Unity/Editor/Data
Pipe name: \\.\pipe\UnityShaderCompiler-4-60100
Cmd: getPlatforms
Cmd: compileSnippet
  api=1 type=0 insize=7544 outsize=598 kw=DIRECTIONAL SHADOWS_OFF LIGHTMAP_ON DIRLIGHTMAP_OFF ok=1
Cmd: compileSnippet
  api=4 type=0 insize=7544 outsize=5954 kw=DIRECTIONAL SHADOWS_OFF LIGHTMAP_OFF DIRLIGHTMAP_OFF VERTEXLIGHT_ON ok=1
Cmd: compileSnippet
  api=4 type=1 insize=7544 outsize=1802 kw=DIRECTIONAL SHADOWS_OFF LIGHTMAP_ON DIRLIGHTMAP_OFF ok=1
Cmd: compileSnippet
  api=4 type=1 insize=7544 outsize=2347 kw=DIRECTIONAL SHADOWS_SCREEN LIGHTMAP_ON DIRLIGHTMAP_OFF ok=1
Cmd: compileSnippet
  api=0 type=0 insize=5338 outsize=1160 kw=DIRECTIONAL ok=1
Cmd: compileSnippet
  api=8 type=0 insize=5338 outsize=5663 kw=SPOT ok=1
Cmd: compileSnippet
  api=0 type=1 insize=5338 outsize=1585 kw=SPOT ok=1
Cmd: compileSnippet
  api=8 type=1 insize=5338 outsize=5834 kw=POINT_COOKIE ok=1
Cmd: compileSnippet
  api=1 type=1 insize=4996 outsize=487 kw= ok=1
Cmd: compileSnippet
  api=8 type=0 insize=6992 outsize=5704 kw=LIGHTMAP_OFF DIRLIGHTMAP_OFF HDR_LIGHT_PREPASS_OFF ok=1
Cmd: compileSnippet
  api=8 type=1 insize=6992 outsize=5046 kw=LIGHTMAP_ON DIRLIGHTMAP_OFF HDR_LIGHT_PREPASS_OFF ok=1
Unhandled exception: Readfile from pipe failed. GLE=The pipe has been ended.


Quitting shader compiler process
